<?xml version="1.0" encoding="UTF-8"?>
<!-- Generated by org.testng.reporters.JUnitReportReporter -->
<testsuite skipped="0" hostname="DESKTOP-VJE8VFV" name="com.bridgelabz.bookstore.LoginRegistrationTest" tests="1" failures="0" timestamp="26 May 2020 12:19:59 GMT" time="9.077" errors="0">
  <testcase name="login" time="9.077" classname="com.bridgelabz.bookstore.LoginRegistrationTest"/>
</testsuite> <!-- com.bridgelabz.bookstore.LoginRegistrationTest -->
